<?xml version="1.0" encoding="UTF-8"?>
<!-- Generated by org.testng.reporters.JUnitXMLReporter -->
<testsuite hostname="sony-VAIO" ignored="0" name="Free CRM App Test Cases" tests="11" failures="0" timestamp="01 Aug 2018 00:37:21 GMT" time="194.318" errors="0">
  <testcase name="loginPageTitleTest" time="0.048" classname="com.crm.qa.testcases.LoginPageTest"/>
  <testcase name="verifyHomePageTitleTest" time="0.015" classname="com.crm.qa.testcases.HomePageTest"/>
  <testcase name="verifyContactsPageLabelTest" time="0.046" classname="com.crm.qa.testcases.ContactsPageTest"/>
  <testcase name="crmLogoImageTest" time="0.132" classname="com.crm.qa.testcases.LoginPageTest"/>
  <testcase name="verifyUserNameTest" time="0.094" classname="com.crm.qa.testcases.HomePageTest"/>
  <testcase name="selectContactsByNameTest" time="0.202" classname="com.crm.qa.testcases.ContactsPageTest"/>
  <testcase name="loginTest" time="5.685" classname="com.crm.qa.testcases.LoginPageTest"/>
  <testcase name="clickonContactsLinkTest" time="1.425" classname="com.crm.qa.testcases.HomePageTest"/>
  <testcase name="validateCreateNewContactTest" time="5.212" classname="com.crm.qa.testcases.ContactsPageTest"/>
  <testcase name="validateCreateNewContactTest" time="4.131" classname="com.crm.qa.testcases.ContactsPageTest"/>
  <testcase name="validateCreateNewContactTest" time="4.606" classname="com.crm.qa.testcases.ContactsPageTest"/>
</testsuite> <!-- Free CRM App Test Cases -->
