<?xml version="1.0" encoding="UTF-8"?>
<!-- Generated by org.testng.reporters.JUnitXMLReporter -->
<testsuite hostname="sony-VAIO" ignored="0" name="Command line test" tests="11" failures="0" timestamp="01 Aug 2018 10:08:58 GMT" time="204.47" errors="0">
  <testcase name="verifyContactsPageLabelTest" time="0.048" classname="com.crm.qa.testcases.ContactsPageTest"/>
  <testcase name="verifyHomePageTitleTest" time="0.021" classname="com.crm.qa.testcases.HomePageTest"/>
  <testcase name="loginPageTitleTest" time="0.066" classname="com.crm.qa.testcases.LoginPageTest"/>
  <testcase name="selectContactsByNameTest" time="0.14" classname="com.crm.qa.testcases.ContactsPageTest"/>
  <testcase name="verifyUserNameTest" time="0.108" classname="com.crm.qa.testcases.HomePageTest"/>
  <testcase name="crmLogoImageTest" time="0.071" classname="com.crm.qa.testcases.LoginPageTest"/>
  <testcase name="validateCreateNewContactTest" time="5.857" classname="com.crm.qa.testcases.ContactsPageTest"/>
  <testcase name="validateCreateNewContactTest" time="4.495" classname="com.crm.qa.testcases.ContactsPageTest"/>
  <testcase name="validateCreateNewContactTest" time="4.354" classname="com.crm.qa.testcases.ContactsPageTest"/>
  <testcase name="clickonContactsLinkTest" time="1.564" classname="com.crm.qa.testcases.HomePageTest"/>
  <testcase name="loginTest" time="6.946" classname="com.crm.qa.testcases.LoginPageTest"/>
</testsuite> <!-- Command line test -->
